\BOOKMARK [1][-]{section.1}{Convertir\040YUV\040a\040RGB\040y\040RGB\040a\040YUV}{}% 1
\BOOKMARK [2][-]{subsection.1.1}{Implementaci\363n}{section.1}% 2
\BOOKMARK [2][-]{subsection.1.2}{An\341lisis\040preeliminar}{section.1}% 3
\BOOKMARK [2][-]{subsection.1.3}{Hip\363tesis\040de\040trabajo}{section.1}% 4
\BOOKMARK [2][-]{subsection.1.4}{Dise\361o\040experimental}{section.1}% 5
\BOOKMARK [2][-]{subsection.1.5}{Resultados\040y\040An\341lisis}{section.1}% 6
\BOOKMARK [2][-]{subsection.1.6}{Conclusiones}{section.1}% 7
\BOOKMARK [1][-]{section.2}{Combinar}{}% 8
\BOOKMARK [2][-]{subsection.2.1}{Introducci\363n\040al\040problema}{section.2}% 9
\BOOKMARK [2][-]{subsection.2.2}{Implementaci\363n}{section.2}% 10
\BOOKMARK [2][-]{subsection.2.3}{An\341lisis\040preliminar}{section.2}% 11
\BOOKMARK [2][-]{subsection.2.4}{Hip\363tesis\040de\040trabajo}{section.2}% 12
\BOOKMARK [2][-]{subsection.2.5}{Dise\361o\040experimental}{section.2}% 13
\BOOKMARK [2][-]{subsection.2.6}{Resultados\040y\040An\341lisis}{section.2}% 14
\BOOKMARK [2][-]{subsection.2.7}{Conclusiones}{section.2}% 15
\BOOKMARK [1][-]{section.3}{Zoom}{}% 16
\BOOKMARK [2][-]{subsection.3.1}{Implementaci\363n}{section.3}% 17
\BOOKMARK [2][-]{subsection.3.2}{An\341lisis\040preeliminar}{section.3}% 18
\BOOKMARK [2][-]{subsection.3.3}{Hip\363tesis\040de\040trabajo}{section.3}% 19
\BOOKMARK [2][-]{subsection.3.4}{Dise\361o\040experimental}{section.3}% 20
\BOOKMARK [2][-]{subsection.3.5}{Resultados\040y\040An\341lisis}{section.3}% 21
\BOOKMARK [2][-]{subsection.3.6}{Conclusiones}{section.3}% 22
\BOOKMARK [1][-]{section.4}{Maximo\040cercano}{}% 23
\BOOKMARK [2][-]{subsection.4.1}{Implementaci\363n}{section.4}% 24
\BOOKMARK [2][-]{subsection.4.2}{An\341lisis\040preeliminar}{section.4}% 25
\BOOKMARK [2][-]{subsection.4.3}{Hip\363tesis\040de\040trabajo}{section.4}% 26
\BOOKMARK [2][-]{subsection.4.4}{Dise\361o\040experimental}{section.4}% 27
\BOOKMARK [2][-]{subsection.4.5}{Resultados\040y\040An\341lisis}{section.4}% 28
\BOOKMARK [2][-]{subsection.4.6}{Conclusiones}{section.4}% 29
